<?xml version="1.0" encoding="UTF-8"?>
<!-- Generated by org.testng.reporters.JUnitReportReporter -->
<testsuite hostname="DESKTOP-T5IFU01" failures="0" tests="2" name="tests.RegistrationTest" time="12.393" errors="0" timestamp="2021-04-17T12:56:09 EET" skipped="0">
  <testcase classname="tests.RegistrationTest" name="userRegistartion" time="9.721"/>
  <system-out/>
  <testcase classname="tests.RegistrationTest" name="userSignout" time="2.672"/>
  <system-out/>
</testsuite> <!-- tests.RegistrationTest -->
