<?xml version="1.0" encoding="UTF-8"?>
<!-- Generated by org.testng.reporters.JUnitReportReporter -->
<testsuite hostname="DESKTOP-T5IFU01" failures="0" tests="1" name="tests.CheckoutTest" time="13.779" errors="0" timestamp="2021-04-17T12:56:09 EET" skipped="0">
  <testcase classname="tests.CheckoutTest" name="userCheckout" time="13.779"/>
  <system-out/>
</testsuite> <!-- tests.CheckoutTest -->
