<?xml version="1.0" encoding="UTF-8"?>
<!-- Generated by org.testng.reporters.JUnitReportReporter -->
<testsuite hostname="DESKTOP-T5IFU01" failures="0" tests="2" name="tests.LoginTest" time="4.622" errors="0" timestamp="2021-04-17T12:56:09 EET" skipped="0">
  <testcase classname="tests.LoginTest" name="userCanLogin" time="1.923"/>
  <system-out/>
  <testcase classname="tests.LoginTest" name="userReturnHome" time="2.699"/>
  <system-out/>
</testsuite> <!-- tests.LoginTest -->
